[2018-12-07 15:46:19.002] [jointLog] [info] Fragment incompatibility prior below threshold.  Incompatible fragments will be ignored.
[2018-12-07 15:46:19.002] [jointLog] [info] parsing read library format
[2018-12-07 15:46:19.002] [jointLog] [info] There is 1 library.
[2018-12-07 15:46:19.041] [jointLog] [info] Loading Quasi index
[2018-12-07 15:46:19.041] [jointLog] [info] Loading 32-bit quasi index
[2018-12-07 15:46:19.042] [jointLog] [info] done
[2018-12-07 15:46:19.042] [jointLog] [info] Index contained 1,738 targets
[2018-12-07 15:46:25.390] [fileLog] [info] 
At end of round 0
==================
Observed 5984291 total fragments (5984291 in most recent round)

[2018-12-07 15:46:25.390] [jointLog] [info] Computed 1,742 rich equivalence classes for further processing
[2018-12-07 15:46:25.390] [jointLog] [info] Counted 5,271,585 total reads in the equivalence classes 
[2018-12-07 15:46:25.391] [jointLog] [info] Mapping rate = 88.0904%

[2018-12-07 15:46:25.391] [jointLog] [info] finished quantifyLibrary()
[2018-12-07 15:46:25.392] [jointLog] [info] Starting optimizer
[2018-12-07 15:46:25.392] [jointLog] [info] Marked 0 weighted equivalence classes as degenerate
[2018-12-07 15:46:25.392] [jointLog] [info] iteration = 0 | max rel diff. = 0.999243
[2018-12-07 15:46:25.398] [jointLog] [info] iteration = 100 | max rel diff. = 0
[2018-12-07 15:46:25.398] [jointLog] [info] Finished optimizer
[2018-12-07 15:46:25.398] [jointLog] [info] writing output 

[2018-12-07 15:46:25.400] [jointLog] [warning] NOTE: Read Lib [[ DK_SUM159_C7//sequencing/SUM159_C7_D14_S5_R1_001.fastq.gz ]] :

Detected a *potential* strand bias > 1% in an unstranded protocol check the file: DK_SUM159_C7//salmon_output/SUM159_C7_D14_S5_R1_001.fastq.gz/lib_format_counts.json for details

[2018-12-07 15:59:51.536] [jointLog] [info] Fragment incompatibility prior below threshold.  Incompatible fragments will be ignored.
[2018-12-07 15:59:51.536] [jointLog] [info] parsing read library format
[2018-12-07 15:59:51.536] [jointLog] [info] There is 1 library.
[2018-12-07 15:59:51.570] [jointLog] [info] Loading Quasi index
[2018-12-07 15:59:51.570] [jointLog] [info] Loading 32-bit quasi index
[2018-12-07 15:59:51.570] [jointLog] [info] done
[2018-12-07 15:59:51.570] [jointLog] [info] Index contained 1,738 targets
[2018-12-07 15:59:58.559] [fileLog] [info] 
At end of round 0
==================
Observed 5984291 total fragments (5984291 in most recent round)

[2018-12-07 15:59:58.559] [jointLog] [info] Computed 1,742 rich equivalence classes for further processing
[2018-12-07 15:59:58.559] [jointLog] [info] Counted 5,271,585 total reads in the equivalence classes 
[2018-12-07 15:59:58.560] [jointLog] [info] Mapping rate = 88.0904%

[2018-12-07 15:59:58.560] [jointLog] [info] finished quantifyLibrary()
[2018-12-07 15:59:58.561] [jointLog] [info] Starting optimizer
[2018-12-07 15:59:58.561] [jointLog] [info] Marked 0 weighted equivalence classes as degenerate
[2018-12-07 15:59:58.562] [jointLog] [info] iteration = 0 | max rel diff. = 0.999243
[2018-12-07 15:59:58.568] [jointLog] [info] iteration = 100 | max rel diff. = 0
[2018-12-07 15:59:58.568] [jointLog] [info] Finished optimizer
[2018-12-07 15:59:58.568] [jointLog] [info] writing output 

[2018-12-07 15:59:58.570] [jointLog] [warning] NOTE: Read Lib [[ DK_SUM159_C7//sequencing/SUM159_C7_D14_S5_R1_001.fastq.gz ]] :

Detected a *potential* strand bias > 1% in an unstranded protocol check the file: DK_SUM159_C7//salmon_output/SUM159_C7_D14_S5_R1_001.fastq.gz/lib_format_counts.json for details

